Copyright 1986-2018 Xilinx, Inc. All Rights Reserved.
--------------------------------------------------------------------------------------------------------------------------------------------------------------------------------
| Tool Version : Vivado v.2018.3 (win64) Build 2405991 Thu Dec  6 23:38:27 MST 2018
| Date         : Tue Aug 20 17:31:53 2024
| Host         : LAPTOP-EI9NHOKJ running 64-bit major release  (build 9200)
| Command      : report_methodology -file stopwatch_game_methodology_drc_routed.rpt -pb stopwatch_game_methodology_drc_routed.pb -rpx stopwatch_game_methodology_drc_routed.rpx
| Design       : stopwatch_game
| Device       : xc7a35tcpg236-2
| Speed File   : -2
| Design State : Fully Routed
--------------------------------------------------------------------------------------------------------------------------------------------------------------------------------

Report Methodology

Table of Contents
-----------------
1. REPORT SUMMARY
2. REPORT DETAILS

1. REPORT SUMMARY
-----------------
            Netlist: netlist
          Floorplan: design_1
      Design limits: <entire design considered>
             Max violations: <unlimited>
             Violations found: 0
+------+----------+-------------+------------+
| Rule | Severity | Description | Violations |
+------+----------+-------------+------------+
+------+----------+-------------+------------+

2. REPORT DETAILS
-----------------

